<?xml version="1.0" encoding="UTF-8"?>
<!-- Generated by org.testng.reporters.JUnitReportReporter -->
<testsuite hostname="BTN3243" failures="0" tests="1" name="tests.MainMenuTest" time="4.642" errors="0" timestamp="08 paÅº 2020 12:48:08 GMT" skipped="0">
  <testcase classname="tests.MainMenuTest" name="mainMenuTest" time="4.642"/>
</testsuite> <!-- tests.MainMenuTest -->
